0 info it worked if it ends with ok
1 verbose cli [ '/usr/bin/nodejs', '/usr/bin/npm', 'shrinkwrap' ]
2 info using npm@3.10.10
3 info using node@v6.10.3
4 info lifecycle app@1.0.0~preshrinkwrap: app@1.0.0
5 silly lifecycle app@1.0.0~preshrinkwrap: no script for preshrinkwrap, continuing
6 warn shrinkwrap Excluding devDependency: /abbrev
7 warn shrinkwrap Excluding devDependency: /acorn
8 warn shrinkwrap Excluding devDependency: /acorn-jsx
9 warn shrinkwrap Excluding devDependency: /acorn-object-spread
10 warn shrinkwrap Excluding devDependency: /after
11 warn shrinkwrap Excluding devDependency: /align-text
12 warn shrinkwrap Excluding devDependency: /amdefine
13 warn shrinkwrap Excluding devDependency: /anymatch
14 warn shrinkwrap Excluding devDependency: /archy
15 warn shrinkwrap Excluding devDependency: /arr-diff
16 warn shrinkwrap Excluding devDependency: /arr-flatten
17 warn shrinkwrap Excluding devDependency: /array-differ
18 warn shrinkwrap Excluding devDependency: /array-find-index
19 warn shrinkwrap Excluding devDependency: /array-unique
20 warn shrinkwrap Excluding devDependency: /arraybuffer.slice
21 warn shrinkwrap Excluding devDependency: /async-each
22 warn shrinkwrap Excluding devDependency: /async-each-series
23 warn shrinkwrap Excluding devDependency: /autoprefixer-core
24 warn shrinkwrap Excluding devDependency: /backo2
25 warn shrinkwrap Excluding devDependency: /base64-arraybuffer
26 warn shrinkwrap Excluding devDependency: /base64id
27 warn shrinkwrap Excluding devDependency: /batch
28 warn shrinkwrap Excluding devDependency: /beeper
29 warn shrinkwrap Excluding devDependency: /better-assert
30 warn shrinkwrap Excluding devDependency: /binary-extensions
31 warn shrinkwrap Excluding devDependency: /blob
32 warn shrinkwrap Excluding devDependency: /body-parser
33 warn shrinkwrap Excluding devDependency: /braces
34 warn shrinkwrap Excluding devDependency: /browser-sync
35 warn shrinkwrap Excluding devDependency: /browser-sync-client
36 warn shrinkwrap Excluding devDependency: /browser-sync-ui
37 warn shrinkwrap Excluding devDependency: /browserslist
38 warn shrinkwrap Excluding devDependency: /bs-recipes
39 warn shrinkwrap Excluding devDependency: /buble
40 warn shrinkwrap Excluding devDependency: /bubleify
41 warn shrinkwrap Excluding devDependency: /builtin-modules
42 warn shrinkwrap Excluding devDependency: /bytes
43 warn shrinkwrap Excluding devDependency: /callsite
44 warn shrinkwrap Excluding devDependency: /camelcase
45 warn shrinkwrap Excluding devDependency: /camelcase-keys
46 warn shrinkwrap Excluding devDependency: /caniuse-db
47 warn shrinkwrap Excluding devDependency: /center-align
48 warn shrinkwrap Excluding devDependency: /chokidar
49 warn shrinkwrap Excluding devDependency: /cliui
50 warn shrinkwrap Excluding devDependency: /clone
51 warn shrinkwrap Excluding devDependency: /clone-buffer
52 warn shrinkwrap Excluding devDependency: /clone-stats
53 warn shrinkwrap Excluding devDependency: /cloneable-readable
54 warn shrinkwrap Excluding devDependency: /code-point-at
55 warn shrinkwrap Excluding devDependency: /commander
56 warn shrinkwrap Excluding devDependency: /component-bind
57 warn shrinkwrap Excluding devDependency: /component-emitter
58 warn shrinkwrap Excluding devDependency: /component-inherit
59 warn shrinkwrap Excluding devDependency: /concat-with-sourcemaps
60 warn shrinkwrap Excluding devDependency: /connect
61 warn shrinkwrap Excluding devDependency: /connect-history-api-fallback
62 warn shrinkwrap Excluding devDependency: /connect-livereload
63 warn shrinkwrap Excluding devDependency: /currently-unhandled
64 warn shrinkwrap Excluding devDependency: /dateformat
65 warn shrinkwrap Excluding devDependency: /deap
66 warn shrinkwrap Excluding devDependency: /decamelize
67 warn shrinkwrap Excluding devDependency: /deepmerge
68 warn shrinkwrap Excluding devDependency: /defaults
69 warn shrinkwrap Excluding devDependency: /del
70 warn shrinkwrap Excluding devDependency: /deprecated
71 warn shrinkwrap Excluding devDependency: /detect-file
72 warn shrinkwrap Excluding devDependency: /dev-ip
73 warn shrinkwrap Excluding devDependency: /duplexer
74 warn shrinkwrap Excluding devDependency: /duplexer2
75 warn shrinkwrap Excluding devDependency: /each-async
76 warn shrinkwrap Excluding devDependency: /easy-extender
77 warn shrinkwrap Excluding devDependency: /eazy-logger
78 warn shrinkwrap Excluding devDependency: /emitter-steward
79 warn shrinkwrap Excluding devDependency: /end-of-stream
80 warn shrinkwrap Excluding devDependency: /engine.io
81 warn shrinkwrap Excluding devDependency: /engine.io-client
82 warn shrinkwrap Excluding devDependency: /engine.io-parser
83 warn shrinkwrap Excluding devDependency: /error-ex
84 warn shrinkwrap Excluding devDependency: /es6-promise
85 warn shrinkwrap Excluding devDependency: /event-stream
86 warn shrinkwrap Excluding devDependency: /eventemitter3
87 warn shrinkwrap Excluding devDependency: /expand-brackets
88 warn shrinkwrap Excluding devDependency: /expand-range
89 warn shrinkwrap Excluding devDependency: /expand-tilde
90 warn shrinkwrap Excluding devDependency: /extglob
91 warn shrinkwrap Excluding devDependency: /fancy-log
92 warn shrinkwrap Excluding devDependency: /faye-websocket
93 warn shrinkwrap Excluding devDependency: /filename-regex
94 warn shrinkwrap Excluding devDependency: /fill-range
95 warn shrinkwrap Excluding devDependency: /find-index
96 warn shrinkwrap Excluding devDependency: /find-up
97 warn shrinkwrap Excluding devDependency: /findup-sync
98 warn shrinkwrap Excluding devDependency: /fined
99 warn shrinkwrap Excluding devDependency: /first-chunk-stream
100 warn shrinkwrap Excluding devDependency: /flagged-respawn
101 warn shrinkwrap Excluding devDependency: /for-in
102 warn shrinkwrap Excluding devDependency: /for-own
103 warn shrinkwrap Excluding devDependency: /formidable
104 warn shrinkwrap Excluding devDependency: /from
105 warn shrinkwrap Excluding devDependency: /fs-exists-sync
106 warn shrinkwrap Excluding devDependency: /fs-extra
107 warn shrinkwrap Excluding devDependency: /gaze
108 warn shrinkwrap Excluding devDependency: /generate-function
109 warn shrinkwrap Excluding devDependency: /generate-object-property
110 warn shrinkwrap Excluding devDependency: /get-caller-file
111 warn shrinkwrap Excluding devDependency: /get-stdin
112 warn shrinkwrap Excluding devDependency: /glob-base
113 warn shrinkwrap Excluding devDependency: /glob-parent
114 warn shrinkwrap Excluding devDependency: /glob-stream
115 warn shrinkwrap Excluding devDependency: /glob-watcher
116 warn shrinkwrap Excluding devDependency: /glob2base
117 warn shrinkwrap Excluding devDependency: /global-modules
118 warn shrinkwrap Excluding devDependency: /global-prefix
119 warn shrinkwrap Excluding devDependency: /globby
120 warn shrinkwrap Excluding devDependency: /globule
121 warn shrinkwrap Excluding devDependency: /glogg
122 warn shrinkwrap Excluding devDependency: /graceful-fs
123 warn shrinkwrap Excluding devDependency: /graceful-readlink
124 warn shrinkwrap Excluding devDependency: /gulp
125 warn shrinkwrap Excluding devDependency: /gulp-autoprefixer
126 warn shrinkwrap Excluding devDependency: /gulp-clean
127 warn shrinkwrap Excluding devDependency: /gulp-concat
128 warn shrinkwrap Excluding devDependency: /gulp-live-server
129 warn shrinkwrap Excluding devDependency: /gulp-plumber
130 warn shrinkwrap Excluding devDependency: /gulp-rename
131 warn shrinkwrap Excluding devDependency: /gulp-uglify
132 warn shrinkwrap Excluding devDependency: /gulp-util
133 warn shrinkwrap Excluding devDependency: /gulplog
134 warn shrinkwrap Excluding devDependency: /has-binary
135 warn shrinkwrap Excluding devDependency: /has-cors
136 warn shrinkwrap Excluding devDependency: /has-gulplog
137 warn shrinkwrap Excluding devDependency: /homedir-polyfill
138 warn shrinkwrap Excluding devDependency: /hosted-git-info
139 warn shrinkwrap Excluding devDependency: /iconv-lite
140 warn shrinkwrap Excluding devDependency: /immutable
141 warn shrinkwrap Excluding devDependency: /indent-string
142 warn shrinkwrap Excluding devDependency: /indexof
143 warn shrinkwrap Excluding devDependency: /interpret
144 warn shrinkwrap Excluding devDependency: /invert-kv
145 warn shrinkwrap Excluding devDependency: /is-absolute
146 warn shrinkwrap Excluding devDependency: /is-arrayish
147 warn shrinkwrap Excluding devDependency: /is-binary-path
148 warn shrinkwrap Excluding devDependency: /is-buffer
149 warn shrinkwrap Excluding devDependency: /is-builtin-module
150 warn shrinkwrap Excluding devDependency: /is-dotfile
151 warn shrinkwrap Excluding devDependency: /is-equal-shallow
152 warn shrinkwrap Excluding devDependency: /is-extendable
153 warn shrinkwrap Excluding devDependency: /is-extglob
154 warn shrinkwrap Excluding devDependency: /is-finite
155 warn shrinkwrap Excluding devDependency: /is-fullwidth-code-point
156 warn shrinkwrap Excluding devDependency: /is-glob
157 warn shrinkwrap Excluding devDependency: /is-my-json-valid
158 warn shrinkwrap Excluding devDependency: /is-number
159 warn shrinkwrap Excluding devDependency: /is-number-like
160 warn shrinkwrap Excluding devDependency: /is-posix-bracket
161 warn shrinkwrap Excluding devDependency: /is-primitive
162 warn shrinkwrap Excluding devDependency: /is-property
163 warn shrinkwrap Excluding devDependency: /is-relative
164 warn shrinkwrap Excluding devDependency: /is-stream
165 warn shrinkwrap Excluding devDependency: /is-unc-path
166 warn shrinkwrap Excluding devDependency: /is-utf8
167 warn shrinkwrap Excluding devDependency: /is-windows
168 warn shrinkwrap Excluding devDependency: /isexe
169 warn shrinkwrap Excluding devDependency: /isobject
170 warn shrinkwrap Excluding devDependency: /js-base64
171 warn shrinkwrap Excluding devDependency: /json3
172 warn shrinkwrap Excluding devDependency: /jsonfile
173 warn shrinkwrap Excluding devDependency: /jsonpointer
174 warn shrinkwrap Excluding devDependency: /kind-of
175 warn shrinkwrap Excluding devDependency: /lazy-cache
176 warn shrinkwrap Excluding devDependency: /lcid
177 warn shrinkwrap Excluding devDependency: /liftoff
178 warn shrinkwrap Excluding devDependency: /load-json-file
179 warn shrinkwrap Excluding devDependency: /localtunnel
180 warn shrinkwrap Excluding devDependency: /lodash._basecopy
181 warn shrinkwrap Excluding devDependency: /lodash._basetostring
182 warn shrinkwrap Excluding devDependency: /lodash._basevalues
183 warn shrinkwrap Excluding devDependency: /lodash._escapehtmlchar
184 warn shrinkwrap Excluding devDependency: /lodash._escapestringchar
185 warn shrinkwrap Excluding devDependency: /lodash._getnative
186 warn shrinkwrap Excluding devDependency: /lodash._htmlescapes
187 warn shrinkwrap Excluding devDependency: /lodash._isiterateecall
188 warn shrinkwrap Excluding devDependency: /lodash._isnative
189 warn shrinkwrap Excluding devDependency: /lodash._objecttypes
190 warn shrinkwrap Excluding devDependency: /lodash._reescape
191 warn shrinkwrap Excluding devDependency: /lodash._reevaluate
192 warn shrinkwrap Excluding devDependency: /lodash._reinterpolate
193 warn shrinkwrap Excluding devDependency: /lodash._reunescapedhtml
194 warn shrinkwrap Excluding devDependency: /lodash._root
195 warn shrinkwrap Excluding devDependency: /lodash._shimkeys
196 warn shrinkwrap Excluding devDependency: /lodash.assignwith
197 warn shrinkwrap Excluding devDependency: /lodash.defaults
198 warn shrinkwrap Excluding devDependency: /lodash.escape
199 warn shrinkwrap Excluding devDependency: /lodash.isarguments
200 warn shrinkwrap Excluding devDependency: /lodash.isarray
201 warn shrinkwrap Excluding devDependency: /lodash.isempty
202 warn shrinkwrap Excluding devDependency: /lodash.isfinite
203 warn shrinkwrap Excluding devDependency: /lodash.isobject
204 warn shrinkwrap Excluding devDependency: /lodash.isplainobject
205 warn shrinkwrap Excluding devDependency: /lodash.isstring
206 warn shrinkwrap Excluding devDependency: /lodash.keys
207 warn shrinkwrap Excluding devDependency: /lodash.mapvalues
208 warn shrinkwrap Excluding devDependency: /lodash.pick
209 warn shrinkwrap Excluding devDependency: /lodash.restparam
210 warn shrinkwrap Excluding devDependency: /lodash.template
211 warn shrinkwrap Excluding devDependency: /lodash.templatesettings
212 warn shrinkwrap Excluding devDependency: /lodash.values
213 warn shrinkwrap Excluding devDependency: /longest
214 warn shrinkwrap Excluding devDependency: /loud-rejection
215 warn shrinkwrap Excluding devDependency: /lru-cache
216 warn shrinkwrap Excluding devDependency: /magic-string
217 warn shrinkwrap Excluding devDependency: /map-cache
218 warn shrinkwrap Excluding devDependency: /map-obj
219 warn shrinkwrap Excluding devDependency: /map-stream
220 warn shrinkwrap Excluding devDependency: /meow
221 warn shrinkwrap Excluding devDependency: /micromatch
222 warn shrinkwrap Excluding devDependency: /mkdirp
223 warn shrinkwrap Excluding devDependency: /multipipe
224 warn shrinkwrap Excluding devDependency: /natives
225 warn shrinkwrap Excluding devDependency: /nopt
226 warn shrinkwrap Excluding devDependency: /noptify
227 warn shrinkwrap Excluding devDependency: /normalize-package-data
228 warn shrinkwrap Excluding devDependency: /normalize-path
229 warn shrinkwrap Excluding devDependency: /num2fraction
230 warn shrinkwrap Excluding devDependency: /number-is-nan
231 warn shrinkwrap Excluding devDependency: /object-component
232 warn shrinkwrap Excluding devDependency: /object-keys
233 warn shrinkwrap Excluding devDependency: /object-path
234 warn shrinkwrap Excluding devDependency: /object.omit
235 warn shrinkwrap Excluding devDependency: /onetime
236 warn shrinkwrap Excluding devDependency: /openurl
237 warn shrinkwrap Excluding devDependency: /opn
238 warn shrinkwrap Excluding devDependency: /orchestrator
239 warn shrinkwrap Excluding devDependency: /ordered-read-streams
240 warn shrinkwrap Excluding devDependency: /os-homedir
241 warn shrinkwrap Excluding devDependency: /os-locale
242 warn shrinkwrap Excluding devDependency: /parse-filepath
243 warn shrinkwrap Excluding devDependency: /parse-glob
244 warn shrinkwrap Excluding devDependency: /parse-json
245 warn shrinkwrap Excluding devDependency: /parse-passwd
246 warn shrinkwrap Excluding devDependency: /parsejson
247 warn shrinkwrap Excluding devDependency: /parseqs
248 warn shrinkwrap Excluding devDependency: /parseuri
249 warn shrinkwrap Excluding devDependency: /path-exists
250 warn shrinkwrap Excluding devDependency: /path-parse
251 warn shrinkwrap Excluding devDependency: /path-root
252 warn shrinkwrap Excluding devDependency: /path-root-regex
253 warn shrinkwrap Excluding devDependency: /path-type
254 warn shrinkwrap Excluding devDependency: /pause-stream
255 warn shrinkwrap Excluding devDependency: /portscanner
256 warn shrinkwrap Excluding devDependency: /postcss
257 warn shrinkwrap Excluding devDependency: /preserve
258 warn shrinkwrap Excluding devDependency: /pretty-hrtime
259 warn shrinkwrap Excluding devDependency: /randomatic
260 warn shrinkwrap Excluding devDependency: /raw-body
261 warn shrinkwrap Excluding devDependency: /read-pkg
262 warn shrinkwrap Excluding devDependency: /read-pkg-up
263 warn shrinkwrap Excluding devDependency: /readdirp
264 warn shrinkwrap Excluding devDependency: /rechoir
265 warn shrinkwrap Excluding devDependency: /redent
266 warn shrinkwrap Excluding devDependency: /regex-cache
267 warn shrinkwrap Excluding devDependency: /remove-trailing-separator
268 warn shrinkwrap Excluding devDependency: /repeat-element
269 warn shrinkwrap Excluding devDependency: /repeat-string
270 warn shrinkwrap Excluding devDependency: /repeating
271 warn shrinkwrap Excluding devDependency: /replace-ext
272 warn shrinkwrap Excluding devDependency: /require-directory
273 warn shrinkwrap Excluding devDependency: /require-main-filename
274 warn shrinkwrap Excluding devDependency: /requires-port
275 warn shrinkwrap Excluding devDependency: /resolve
276 warn shrinkwrap Excluding devDependency: /resolve-dir
277 warn shrinkwrap Excluding devDependency: /resp-modifier
278 warn shrinkwrap Excluding devDependency: /right-align
279 warn shrinkwrap Excluding devDependency: /rx
280 warn shrinkwrap Excluding devDependency: /sequencify
281 warn shrinkwrap Excluding devDependency: /serve-index
282 warn shrinkwrap Excluding devDependency: /server-destroy
283 warn shrinkwrap Excluding devDependency: /set-blocking
284 warn shrinkwrap Excluding devDependency: /set-immediate-shim
285 warn shrinkwrap Excluding devDependency: /sigmund
286 warn shrinkwrap Excluding devDependency: /signal-exit
287 warn shrinkwrap Excluding devDependency: /socket.io
288 warn shrinkwrap Excluding devDependency: /socket.io-adapter
289 warn shrinkwrap Excluding devDependency: /socket.io-client
290 warn shrinkwrap Excluding devDependency: /socket.io-parser
291 warn shrinkwrap Excluding devDependency: /sparkles
292 warn shrinkwrap Excluding devDependency: /spdx-correct
293 warn shrinkwrap Excluding devDependency: /spdx-expression-parse
294 warn shrinkwrap Excluding devDependency: /spdx-license-ids
295 warn shrinkwrap Excluding devDependency: /split
296 warn shrinkwrap Excluding devDependency: /stream-combiner
297 warn shrinkwrap Excluding devDependency: /stream-consume
298 warn shrinkwrap Excluding devDependency: /stream-throttle
299 warn shrinkwrap Excluding devDependency: /string-width
300 warn shrinkwrap Excluding devDependency: /strip-bom
301 warn shrinkwrap Excluding devDependency: /strip-indent
302 warn shrinkwrap Excluding devDependency: /tfunk
303 warn shrinkwrap Excluding devDependency: /through
304 warn shrinkwrap Excluding devDependency: /through2
305 warn shrinkwrap Excluding devDependency: /tildify
306 warn shrinkwrap Excluding devDependency: /time-stamp
307 warn shrinkwrap Excluding devDependency: /tiny-lr
308 warn shrinkwrap Excluding devDependency: /to-array
309 warn shrinkwrap Excluding devDependency: /trim-newlines
310 warn shrinkwrap Excluding devDependency: /ua-parser-js
311 warn shrinkwrap Excluding devDependency: /uglify-js
312 warn shrinkwrap Excluding devDependency: /uglify-save-license
313 warn shrinkwrap Excluding devDependency: /uglify-to-browserify
314 warn shrinkwrap Excluding devDependency: /unc-path-regex
315 warn shrinkwrap Excluding devDependency: /underscore
316 warn shrinkwrap Excluding devDependency: /unique-stream
317 warn shrinkwrap Excluding devDependency: /universalify
318 warn shrinkwrap Excluding devDependency: /user-home
319 warn shrinkwrap Excluding devDependency: /v8flags
320 warn shrinkwrap Excluding devDependency: /validate-npm-package-license
321 warn shrinkwrap Excluding devDependency: /vinyl
322 warn shrinkwrap Excluding devDependency: /vinyl-fs
323 warn shrinkwrap Excluding devDependency: /vinyl-sourcemaps-apply
324 warn shrinkwrap Excluding devDependency: /vlq
325 warn shrinkwrap Excluding devDependency: /websocket-driver
326 warn shrinkwrap Excluding devDependency: /websocket-extensions
327 warn shrinkwrap Excluding devDependency: /weinre
328 warn shrinkwrap Excluding devDependency: /which
329 warn shrinkwrap Excluding devDependency: /which-module
330 warn shrinkwrap Excluding devDependency: /window-size
331 warn shrinkwrap Excluding devDependency: /wrap-ansi
332 warn shrinkwrap Excluding devDependency: /wtf-8
333 warn shrinkwrap Excluding devDependency: /xmlhttprequest-ssl
334 warn shrinkwrap Excluding devDependency: /y18n
335 warn shrinkwrap Excluding devDependency: /yargs
336 warn shrinkwrap Excluding devDependency: /yargs-parser
337 warn shrinkwrap Excluding devDependency: /yeast
338 info lifecycle app@1.0.0~shrinkwrap: app@1.0.0
339 silly lifecycle app@1.0.0~shrinkwrap: no script for shrinkwrap, continuing
340 verbose stack Error: Problems were encountered
340 verbose stack Please correct and try again.
340 verbose stack peer invalid: angular@^1.5.8, required by angular-auth0@2.0.0-beta.2
340 verbose stack extraneous: angular-storage@0.0.15 /home/luciano/desarrolloUNQ/desarrolloFrontEnd/desapp-A-frontend/node_modules/angular-storage
340 verbose stack extraneous: bootstrap@3.3.7 /home/luciano/desarrolloUNQ/desarrolloFrontEnd/desapp-A-frontend/node_modules/bootstrap
340 verbose stack     at shrinkwrap_ (/usr/lib/node_modules/npm/lib/shrinkwrap.js:128:15)
340 verbose stack     at Array.<anonymous> (/usr/lib/node_modules/npm/node_modules/slide/lib/bind-actor.js:15:8)
340 verbose stack     at LOOP (/usr/lib/node_modules/npm/node_modules/slide/lib/chain.js:15:14)
340 verbose stack     at /usr/lib/node_modules/npm/node_modules/slide/lib/chain.js:18:7
340 verbose stack     at done (/usr/lib/node_modules/npm/lib/utils/lifecycle.js:132:5)
340 verbose stack     at LOOP (/usr/lib/node_modules/npm/node_modules/slide/lib/chain.js:7:26)
340 verbose stack     at /usr/lib/node_modules/npm/node_modules/slide/lib/chain.js:18:7
340 verbose stack     at /usr/lib/node_modules/npm/lib/utils/lifecycle.js:294:20
340 verbose stack     at /usr/lib/node_modules/npm/node_modules/graceful-fs/polyfills.js:264:29
340 verbose stack     at FSReqWrap.oncomplete (fs.js:123:15)
341 verbose cwd /home/luciano/desarrolloUNQ/desarrolloFrontEnd/desapp-A-frontend
342 error Linux 4.4.0-34-generic
343 error argv "/usr/bin/nodejs" "/usr/bin/npm" "shrinkwrap"
344 error node v6.10.3
345 error npm  v3.10.10
346 error Problems were encountered
346 error Please correct and try again.
346 error peer invalid: angular@^1.5.8, required by angular-auth0@2.0.0-beta.2
346 error extraneous: angular-storage@0.0.15 /home/luciano/desarrolloUNQ/desarrolloFrontEnd/desapp-A-frontend/node_modules/angular-storage
346 error extraneous: bootstrap@3.3.7 /home/luciano/desarrolloUNQ/desarrolloFrontEnd/desapp-A-frontend/node_modules/bootstrap
347 error If you need help, you may report this error at:
347 error     <https://github.com/npm/npm/issues>
348 verbose exit [ 1, true ]
